TetrisV2/build/outputs/logs/manifest-merger-debug-report.txt
-- Merging decision tree log ---
manifest
ADDED from src\main\AndroidManifest.xml:2:1-24:12
	package
		ADDED from src\main\AndroidManifest.xml:2:70-98
		INJECTED from src\main\AndroidManifest.xml
		INJECTED from src\main\AndroidManifest.xml
	android:versionName
		ADDED from src\main\AndroidManifest.xml:2:146-171
		INJECTED from src\main\AndroidManifest.xml
		INJECTED from src\main\AndroidManifest.xml
	xmlns:tools
		ADDED from src\main\AndroidManifest.xml:2:99-145
	android:versionCode
		ADDED from src\main\AndroidManifest.xml:2:172-195
		INJECTED from src\main\AndroidManifest.xml
		INJECTED from src\main\AndroidManifest.xml
	xmlns:android
		ADDED from src\main\AndroidManifest.xml:2:11-69
	android:installLocation
		ADDED from src\main\AndroidManifest.xml:2:196-236
supports-screens
ADDED from src\main\AndroidManifest.xml:3:3-163
	android:largeScreens
		ADDED from src\main\AndroidManifest.xml:3:78-105
	android:smallScreens
		ADDED from src\main\AndroidManifest.xml:3:21-48
	android:normalScreens
		ADDED from src\main\AndroidManifest.xml:3:49-77
	android:xlargeScreens
		ADDED from src\main\AndroidManifest.xml:3:106-134
	android:anyDensity
		ADDED from src\main\AndroidManifest.xml:3:135-160
application
ADDED from src\main\AndroidManifest.xml:4:3-17:17
MERGED from [:UnityChannel:] AndroidManifest.xml:21:5-57:19
MERGED from [TetrisV2:common_lib:unspecified] AndroidManifest.xml:11:5-12:19
MERGED from [TetrisV2:native_plugins_lib:unspecified] AndroidManifest.xml:44:5-68:19
MERGED from [TetrisV2:voxelbusters_utility_lib:unspecified] AndroidManifest.xml:11:5-12:19
	android:label
		ADDED from src\main\AndroidManifest.xml:4:92-124
	android:icon
		ADDED from src\main\AndroidManifest.xml:4:58-91
	android:banner
		ADDED from src\main\AndroidManifest.xml:4:147-184
	android:theme
		ADDED from src\main\AndroidManifest.xml:4:16-57
	android:isGame
		ADDED from src\main\AndroidManifest.xml:4:125-146
activity#fr.unilim.TetrisV2.UnityPlayerActivity
ADDED from src\main\AndroidManifest.xml:5:5-12:16
	android:screenOrientation
		ADDED from src\main\AndroidManifest.xml:5:48-86
	android:label
		ADDED from src\main\AndroidManifest.xml:5:15-47
	android:launchMode
		ADDED from src\main\AndroidManifest.xml:5:87-118
	android:configChanges
		ADDED from src\main\AndroidManifest.xml:5:119-300
	android:name
		ADDED from src\main\AndroidManifest.xml:5:301-354
intent-filter#android.intent.action.MAIN+android.intent.category.LAUNCHER+android.intent.category.LEANBACK_LAUNCHER
ADDED from src\main\AndroidManifest.xml:6:7-10:23
action#android.intent.action.MAIN
ADDED from src\main\AndroidManifest.xml:7:9-61
	android:name
		ADDED from src\main\AndroidManifest.xml:7:17-58
category#android.intent.category.LAUNCHER
ADDED from src\main\AndroidManifest.xml:8:9-69
	android:name
		ADDED from src\main\AndroidManifest.xml:8:19-66
category#android.intent.category.LEANBACK_LAUNCHER
ADDED from src\main\AndroidManifest.xml:9:9-78
	android:name
		ADDED from src\main\AndroidManifest.xml:9:19-75
meta-data#unityplayer.UnityActivity
ADDED from src\main\AndroidManifest.xml:11:7-82
	android:value
		ADDED from src\main\AndroidManifest.xml:11:59-79
	android:name
		ADDED from src\main\AndroidManifest.xml:11:18-58
meta-data#unity.build-id
ADDED from src\main\AndroidManifest.xml:13:5-101
	android:value
		ADDED from src\main\AndroidManifest.xml:13:46-98
	android:name
		ADDED from src\main\AndroidManifest.xml:13:16-45
meta-data#unity.splash-mode
ADDED from src\main\AndroidManifest.xml:14:5-69
	android:value
		ADDED from src\main\AndroidManifest.xml:14:49-66
	android:name
		ADDED from src\main\AndroidManifest.xml:14:16-48
meta-data#unity.splash-enable
ADDED from src\main\AndroidManifest.xml:15:5-74
	android:value
		ADDED from src\main\AndroidManifest.xml:15:51-71
	android:name
		ADDED from src\main\AndroidManifest.xml:15:16-50
meta-data#android.max_aspect
ADDED from src\main\AndroidManifest.xml:16:5-72
	android:value
		ADDED from src\main\AndroidManifest.xml:16:50-69
	android:name
		ADDED from src\main\AndroidManifest.xml:16:16-49
uses-sdk
ADDED from src\main\AndroidManifest.xml:18:3-72
MERGED from [:UnityChannel:] AndroidManifest.xml:7:5-43
MERGED from [TetrisV2:common_lib:unspecified] AndroidManifest.xml:7:5-9:41
MERGED from [TetrisV2:native_plugins_lib:unspecified] AndroidManifest.xml:8:5-10:41
MERGED from [TetrisV2:voxelbusters_utility_lib:unspecified] AndroidManifest.xml:7:5-9:41
	android:targetSdkVersion
		ADDED from src\main\AndroidManifest.xml:18:40-69
		INJECTED from src\main\AndroidManifest.xml
		INJECTED from src\main\AndroidManifest.xml
	android:minSdkVersion
		ADDED from src\main\AndroidManifest.xml:18:13-39
uses-feature#0x00020000
ADDED from src\main\AndroidManifest.xml:19:3-52
	android:glEsVersion
		ADDED from src\main\AndroidManifest.xml:19:17-49
uses-permission#android.permission.INTERNET
ADDED from src\main\AndroidManifest.xml:20:3-65
MERGED from [:UnityChannel:] AndroidManifest.xml:15:5-67
MERGED from [TetrisV2:native_plugins_lib:unspecified] AndroidManifest.xml:42:5-67
	android:name
		ADDED from src\main\AndroidManifest.xml:20:20-62
uses-feature#android.hardware.touchscreen
ADDED from src\main\AndroidManifest.xml:21:3-88
	android:required
		ADDED from src\main\AndroidManifest.xml:21:61-85
	android:name
		ADDED from src\main\AndroidManifest.xml:21:17-60
uses-feature#android.hardware.touchscreen.multitouch
ADDED from src\main\AndroidManifest.xml:22:3-99
	android:required
		ADDED from src\main\AndroidManifest.xml:22:72-96
	android:name
		ADDED from src\main\AndroidManifest.xml:22:17-71
uses-feature#android.hardware.touchscreen.multitouch.distinct
ADDED from src\main\AndroidManifest.xml:23:3-108
	android:required
		ADDED from src\main\AndroidManifest.xml:23:81-105
	android:name
		ADDED from src\main\AndroidManifest.xml:23:17-80
uses-permission#android.permission.GET_TASKS
ADDED from [:UnityChannel:] AndroidManifest.xml:9:5-68
	android:name
		ADDED from [:UnityChannel:] AndroidManifest.xml:9:22-65
uses-permission#android.permission.WRITE_EXTERNAL_STORAGE
ADDED from [:UnityChannel:] AndroidManifest.xml:10:5-81
	android:name
		ADDED from [:UnityChannel:] AndroidManifest.xml:10:22-78
uses-permission#android.permission.ACCESS_WIFI_STATE
ADDED from [:UnityChannel:] AndroidManifest.xml:11:5-76
	android:name
		ADDED from [:UnityChannel:] AndroidManifest.xml:11:22-73
uses-permission#com.xiaomi.sdk.permission.PAYMENT
ADDED from [:UnityChannel:] AndroidManifest.xml:12:5-73
	android:name
		ADDED from [:UnityChannel:] AndroidManifest.xml:12:22-70
uses-permission#android.permission.READ_PHONE_STATE
ADDED from [:UnityChannel:] AndroidManifest.xml:13:5-75
	android:name
		ADDED from [:UnityChannel:] AndroidManifest.xml:13:22-72
uses-permission#android.permission.GET_ACCOUNTS
ADDED from [:UnityChannel:] AndroidManifest.xml:14:5-71
	android:name
		ADDED from [:UnityChannel:] AndroidManifest.xml:14:22-68
uses-permission#android.permission.ACCESS_NETWORK_STATE
ADDED from [:UnityChannel:] AndroidManifest.xml:16:5-79
MERGED from [TetrisV2:native_plugins_lib:unspecified] AndroidManifest.xml:15:5-79
	android:name
		ADDED from [:UnityChannel:] AndroidManifest.xml:16:22-76
uses-permission#android.permission.ACCESS_COARSE_LOCATION
ADDED from [:UnityChannel:] AndroidManifest.xml:17:5-81
	android:name
		ADDED from [:UnityChannel:] AndroidManifest.xml:17:22-78
uses-permission#android.permission.ACCESS_FINE_LOCATION
ADDED from [:UnityChannel:] AndroidManifest.xml:18:5-79
	android:name
		ADDED from [:UnityChannel:] AndroidManifest.xml:18:22-76
uses-permission#com.xiaomi.permission.AUTH_SERVICE
ADDED from [:UnityChannel:] AndroidManifest.xml:19:5-74
	android:name
		ADDED from [:UnityChannel:] AndroidManifest.xml:19:22-71
activity#com.xiaomi.gamecenter.sdk.ui.MiActivity
ADDED from [:UnityChannel:] AndroidManifest.xml:24:9-29:20
	android:screenOrientation
		ADDED from [:UnityChannel:] AndroidManifest.xml:27:13-47
	android:configChanges
		ADDED from [:UnityChannel:] AndroidManifest.xml:26:13-59
	android:theme
		ADDED from [:UnityChannel:] AndroidManifest.xml:28:13-72
	android:name
		ADDED from [:UnityChannel:] AndroidManifest.xml:25:13-67
activity#com.xiaomi.gamecenter.sdk.ui.PayListActivity
ADDED from [:UnityChannel:] AndroidManifest.xml:30:9-34:75
	android:exported
		ADDED from [:UnityChannel:] AndroidManifest.xml:33:13-36
	android:configChanges
		ADDED from [:UnityChannel:] AndroidManifest.xml:32:13-59
	android:theme
		ADDED from [:UnityChannel:] AndroidManifest.xml:34:13-72
	android:name
		ADDED from [:UnityChannel:] AndroidManifest.xml:31:13-72
activity#com.xiaomi.gamecenter.alipay.HyAlipayActivity
ADDED from [:UnityChannel:] AndroidManifest.xml:35:9-39:75
	android:exported
		ADDED from [:UnityChannel:] AndroidManifest.xml:38:13-36
	android:configChanges
		ADDED from [:UnityChannel:] AndroidManifest.xml:37:13-59
	android:theme
		ADDED from [:UnityChannel:] AndroidManifest.xml:39:13-72
	android:name
		ADDED from [:UnityChannel:] AndroidManifest.xml:36:13-73
activity#com.xiaomi.account.openauth.AuthorizeActivity
ADDED from [:UnityChannel:] AndroidManifest.xml:40:9-44:75
	android:exported
		ADDED from [:UnityChannel:] AndroidManifest.xml:43:13-36
	android:configChanges
		ADDED from [:UnityChannel:] AndroidManifest.xml:42:13-59
	android:theme
		ADDED from [:UnityChannel:] AndroidManifest.xml:44:13-72
	android:name
		ADDED from [:UnityChannel:] AndroidManifest.xml:41:13-73
activity#com.xiaomi.gamecenter.wxwap.HyWxWappayActivity
ADDED from [:UnityChannel:] AndroidManifest.xml:45:9-49:75
	android:exported
		ADDED from [:UnityChannel:] AndroidManifest.xml:48:13-36
	android:configChanges
		ADDED from [:UnityChannel:] AndroidManifest.xml:47:13-59
	android:theme
		ADDED from [:UnityChannel:] AndroidManifest.xml:49:13-72
	android:name
		ADDED from [:UnityChannel:] AndroidManifest.xml:46:13-74
activity#com.alipay.sdk.app.H5PayActivity
ADDED from [:UnityChannel:] AndroidManifest.xml:50:9-55:70
	android:screenOrientation
		ADDED from [:UnityChannel:] AndroidManifest.xml:54:13-47
	android:exported
		ADDED from [:UnityChannel:] AndroidManifest.xml:53:13-37
	android:windowSoftInputMode
		ADDED from [:UnityChannel:] AndroidManifest.xml:55:13-67
	android:configChanges
		ADDED from [:UnityChannel:] AndroidManifest.xml:52:13-85
	android:name
		ADDED from [:UnityChannel:] AndroidManifest.xml:51:13-60
uses-permission#android.permission.READ_EXTERNAL_STORAGE
IMPLIED from src\main\AndroidManifest.xml:2:1-24:12 reason: com.unity.channel.sdk.editor.xiaomi requested WRITE_EXTERNAL_STORAGE
uses-permission#android.permission.READ_CONTACTS
ADDED from [TetrisV2:native_plugins_lib:unspecified] AndroidManifest.xml:13:5-72
	android:name
		ADDED from [TetrisV2:native_plugins_lib:unspecified] AndroidManifest.xml:13:22-69
uses-permission#com.sec.android.provider.badge.permission.READ
ADDED from [TetrisV2:native_plugins_lib:unspecified] AndroidManifest.xml:17:5-86
	android:name
		ADDED from [TetrisV2:native_plugins_lib:unspecified] AndroidManifest.xml:17:22-83
uses-permission#com.sec.android.provider.badge.permission.WRITE
ADDED from [TetrisV2:native_plugins_lib:unspecified] AndroidManifest.xml:18:5-87
	android:name
		ADDED from [TetrisV2:native_plugins_lib:unspecified] AndroidManifest.xml:18:22-84
uses-permission#com.htc.launcher.permission.READ_SETTINGS
ADDED from [TetrisV2:native_plugins_lib:unspecified] AndroidManifest.xml:20:5-81
	android:name
		ADDED from [TetrisV2:native_plugins_lib:unspecified] AndroidManifest.xml:20:22-78
uses-permission#com.htc.launcher.permission.UPDATE_SHORTCUT
ADDED from [TetrisV2:native_plugins_lib:unspecified] AndroidManifest.xml:21:5-83
	android:name
		ADDED from [TetrisV2:native_plugins_lib:unspecified] AndroidManifest.xml:21:22-80
uses-permission#com.sonyericsson.home.permission.BROADCAST_BADGE
ADDED from [TetrisV2:native_plugins_lib:unspecified] AndroidManifest.xml:23:5-88
	android:name
		ADDED from [TetrisV2:native_plugins_lib:unspecified] AndroidManifest.xml:23:22-85
uses-permission#com.sonymobile.home.permission.PROVIDER_INSERT_BADGE
ADDED from [TetrisV2:native_plugins_lib:unspecified] AndroidManifest.xml:24:5-92
	android:name
		ADDED from [TetrisV2:native_plugins_lib:unspecified] AndroidManifest.xml:24:22-89
uses-permission#com.anddoes.launcher.permission.UPDATE_COUNT
ADDED from [TetrisV2:native_plugins_lib:unspecified] AndroidManifest.xml:26:5-84
	android:name
		ADDED from [TetrisV2:native_plugins_lib:unspecified] AndroidManifest.xml:26:22-81
uses-permission#com.majeur.launcher.permission.UPDATE_BADGE
ADDED from [TetrisV2:native_plugins_lib:unspecified] AndroidManifest.xml:28:5-83
	android:name
		ADDED from [TetrisV2:native_plugins_lib:unspecified] AndroidManifest.xml:28:22-80
uses-permission#com.huawei.android.launcher.permission.CHANGE_BADGE
ADDED from [TetrisV2:native_plugins_lib:unspecified] AndroidManifest.xml:30:5-91
	android:name
		ADDED from [TetrisV2:native_plugins_lib:unspecified] AndroidManifest.xml:30:22-88
uses-permission#com.huawei.android.launcher.permission.READ_SETTINGS
ADDED from [TetrisV2:native_plugins_lib:unspecified] AndroidManifest.xml:31:5-92
	android:name
		ADDED from [TetrisV2:native_plugins_lib:unspecified] AndroidManifest.xml:31:22-89
uses-permission#com.huawei.android.launcher.permission.WRITE_SETTINGS
ADDED from [TetrisV2:native_plugins_lib:unspecified] AndroidManifest.xml:32:5-93
	android:name
		ADDED from [TetrisV2:native_plugins_lib:unspecified] AndroidManifest.xml:32:22-90
uses-permission#android.permission.READ_APP_BADGE
ADDED from [TetrisV2:native_plugins_lib:unspecified] AndroidManifest.xml:34:5-73
	android:name
		ADDED from [TetrisV2:native_plugins_lib:unspecified] AndroidManifest.xml:34:22-70
uses-permission#com.oppo.launcher.permission.READ_SETTINGS
ADDED from [TetrisV2:native_plugins_lib:unspecified] AndroidManifest.xml:36:5-82
	android:name
		ADDED from [TetrisV2:native_plugins_lib:unspecified] AndroidManifest.xml:36:22-79
uses-permission#com.oppo.launcher.permission.WRITE_SETTINGS
ADDED from [TetrisV2:native_plugins_lib:unspecified] AndroidManifest.xml:37:5-83
	android:name
		ADDED from [TetrisV2:native_plugins_lib:unspecified] AndroidManifest.xml:37:22-80
uses-permission#me.everything.badger.permission.BADGE_COUNT_READ
ADDED from [TetrisV2:native_plugins_lib:unspecified] AndroidManifest.xml:39:5-88
	android:name
		ADDED from [TetrisV2:native_plugins_lib:unspecified] AndroidManifest.xml:39:22-85
uses-permission#me.everything.badger.permission.BADGE_COUNT_WRITE
ADDED from [TetrisV2:native_plugins_lib:unspecified] AndroidManifest.xml:40:5-89
	android:name
		ADDED from [TetrisV2:native_plugins_lib:unspecified] AndroidManifest.xml:40:22-86
activity#com.voxelbusters.nativeplugins.features.sharing.SharingActivity
ADDED from [TetrisV2:native_plugins_lib:unspecified] AndroidManifest.xml:47:9-49:60
	android:theme
		ADDED from [TetrisV2:native_plugins_lib:unspecified] AndroidManifest.xml:49:13-57
	android:name
		ADDED from [TetrisV2:native_plugins_lib:unspecified] AndroidManifest.xml:48:13-91
activity#com.voxelbusters.nativeplugins.features.ui.UiActivity
ADDED from [TetrisV2:native_plugins_lib:unspecified] AndroidManifest.xml:51:9-53:60
	android:theme
		ADDED from [TetrisV2:native_plugins_lib:unspecified] AndroidManifest.xml:53:13-57
	android:name
		ADDED from [TetrisV2:native_plugins_lib:unspecified] AndroidManifest.xml:52:13-81
activity#com.voxelbusters.nativeplugins.helpers.PermissionRequestActivity
ADDED from [TetrisV2:native_plugins_lib:unspecified] AndroidManifest.xml:55:9-57:60
	android:theme
		ADDED from [TetrisV2:native_plugins_lib:unspecified] AndroidManifest.xml:57:13-57
	android:name
		ADDED from [TetrisV2:native_plugins_lib:unspecified] AndroidManifest.xml:56:13-92
provider#com.voxelbusters.nativeplugins.extensions.FileProviderExtended
ADDED from [TetrisV2:native_plugins_lib:unspecified] AndroidManifest.xml:59:9-67:20
	android:authorities
		ADDED from [TetrisV2:native_plugins_lib:unspecified] AndroidManifest.xml:61:13-66
	android:grantUriPermissions
		ADDED from [TetrisV2:native_plugins_lib:unspecified] AndroidManifest.xml:63:13-47
	android:exported
		ADDED from [TetrisV2:native_plugins_lib:unspecified] AndroidManifest.xml:62:13-37
	android:name
		ADDED from [TetrisV2:native_plugins_lib:unspecified] AndroidManifest.xml:60:13-90
meta-data#android.support.FILE_PROVIDER_PATHS
ADDED from [TetrisV2:native_plugins_lib:unspecified] AndroidManifest.xml:64:13-66:68
	android:resource
		ADDED from [TetrisV2:native_plugins_lib:unspecified] AndroidManifest.xml:66:17-65
	android:name
		ADDED from [TetrisV2:native_plugins_lib:unspecified] AndroidManifest.xml:65:17-67